sending incremental file list
public/app-a06780dbb4e6d71286b0.js
public/app-a06780dbb4e6d71286b0.js.map
public/chunk-map.json
public/commons-f6783ede68f8c7ff9b6d.js
public/commons-f6783ede68f8c7ff9b6d.js.map
public/component---src-pages-index-js-79f7e84cde0c4ac2fb1f.js
public/component---src-pages-index-js-79f7e84cde0c4ac2fb1f.js.map
public/index.html
public/manifest.webmanifest
public/styles-a6eeeb4959d04991ab43.js
public/styles-a6eeeb4959d04991ab43.js.map
public/styles.b73e94dc4e638a1ee7b9.css
public/webpack-runtime-03fadbfa2db4bf4991bf.js
public/webpack-runtime-03fadbfa2db4bf4991bf.js.map
public/webpack.stats.json
public/css/main.css
public/icons/icon-144x144.png
public/icons/icon-192x192.png
public/icons/icon-256x256.png
public/icons/icon-384x384.png
public/icons/icon-48x48.png
public/icons/icon-512x512.png
public/icons/icon-72x72.png
public/icons/icon-96x96.png
public/page-data/app-data.json
public/page-data/index/page-data.json

sent 354.65K bytes  received 12.23K bytes  66.70K bytes/sec
total size is 4.54M  speedup is 12.38

By: aaron
10 Nov 2019 14:51:27
Git Branch Deployed: master
