sending incremental file list
public/app-a06780dbb4e6d71286b0.js
public/app-a06780dbb4e6d71286b0.js.map
public/chunk-map.json
public/commons-f6783ede68f8c7ff9b6d.js
public/commons-f6783ede68f8c7ff9b6d.js.map
public/component---src-pages-index-js-69e4456b6cf49f80e2e7.js
public/component---src-pages-index-js-69e4456b6cf49f80e2e7.js.map
public/e6d87146ea3ad0c2f141323504416275.webp
public/index.html
public/manifest.webmanifest
public/styles-a6eeeb4959d04991ab43.js
public/styles-a6eeeb4959d04991ab43.js.map
public/styles.b73e94dc4e638a1ee7b9.css
public/webpack-runtime-49693a3e5069f97ef8e3.js
public/webpack-runtime-49693a3e5069f97ef8e3.js.map
public/webpack.stats.json
public/icons/icon-144x144.png
public/icons/icon-192x192.png
public/icons/icon-256x256.png
public/icons/icon-384x384.png
public/icons/icon-48x48.png
public/icons/icon-512x512.png
public/icons/icon-72x72.png
public/icons/icon-96x96.png
public/page-data/app-data.json
public/page-data/index/page-data.json

sent 215.77K bytes  received 13.46K bytes  35.27K bytes/sec
total size is 4.55M  speedup is 19.83

By: aaron
11 Nov 2019 21:29:38
Git Branch Deployed: master
